<?xml version="1.0" encoding="UTF-8"?>
<!-- Generated by org.testng.reporters.JUnitReportReporter -->
<testsuite hostname="LAPTOP-4DPE75CE" name="tests.One" tests="3" failures="0" timestamp="14 Jun 2023 11:20:35 GMT" time="30.419" errors="0">
  <testcase name="testOneYoutube" time="14.429" classname="tests.One"/>
  <testcase name="testOneGoogle" time="7.532" classname="tests.One"/>
  <testcase name="testOne" time="8.458" classname="tests.One"/>
</testsuite> <!-- tests.One -->
