<?xml version="1.0" encoding="UTF-8"?>
<!-- Generated by org.testng.reporters.JUnitReportReporter -->
<testsuite hostname="LAPTOP-4DPE75CE" name="tests.Four" tests="1" failures="0" timestamp="14 Jun 2023 11:20:35 GMT" time="12.726" errors="0">
  <testcase name="testFour" time="12.726" classname="tests.Four"/>
</testsuite> <!-- tests.Four -->
