<?xml version="1.0" encoding="UTF-8"?>
<!-- Generated by org.testng.reporters.JUnitReportReporter -->
<testsuite hostname="LAPTOP-4DPE75CE" name="tests.One" tests="3" failures="0" timestamp="16 Jun 2023 13:08:04 GMT" time="35.943" errors="0">
  <testcase name="testOneGoogle" time="12.193" classname="tests.One"/>
  <testcase name="testOne" time="9.571" classname="tests.One"/>
  <testcase name="testOneYoutube" time="14.179" classname="tests.One"/>
</testsuite> <!-- tests.One -->
