<?xml version="1.0" encoding="UTF-8"?>
<!-- Generated by org.testng.reporters.JUnitReportReporter -->
<testsuite hostname="LAPTOP-4DPE75CE" name="tests.Four" tests="1" failures="0" timestamp="16 Jun 2023 13:08:04 GMT" time="14.203" errors="0">
  <testcase name="testFour" time="14.203" classname="tests.Four"/>
</testsuite> <!-- tests.Four -->
